<?xml version="1.0" encoding="UTF-8"?>
<testsuite name="com.challenge.api.EmployeeControllerTest" tests="3" skipped="0" failures="0" errors="0" timestamp="2025-02-11T23:13:43" hostname="Benjamins-MacBook-Pro.local" time="0.476">
  <properties/>
  <testcase name="testGetEmployeeByUuid()" classname="com.challenge.api.EmployeeControllerTest" time="0.462"/>
  <testcase name="testCreateEmployee()" classname="com.challenge.api.EmployeeControllerTest" time="0.01"/>
  <testcase name="testGetAllEmployees()" classname="com.challenge.api.EmployeeControllerTest" time="0.004"/>
  <system-out><![CDATA[18:13:42.574 [Test worker] INFO org.springframework.test.context.support.AnnotationConfigContextLoaderUtils -- Could not detect default configuration classes for test class [com.challenge.api.EmployeeControllerTest]: EmployeeControllerTest does not declare any static, non-private, non-final, nested classes annotated with @Configuration.
18:13:42.613 [Test worker] INFO org.springframework.boot.test.context.SpringBootTestContextBootstrapper -- Found @SpringBootConfiguration com.challenge.api.EntryLevelJavaChallengeApplication for test class com.challenge.api.EmployeeControllerTest

  .   ____          _            __ _ _
 /\\ / ___'_ __ _ _(_)_ __  __ _ \ \ \ \
( ( )\___ | '_ | '_| | '_ \/ _` | \ \ \ \
 \\/  ___)| |_)| | | | | || (_| |  ) ) ) )
  '  |____| .__|_| |_|_| |_\__, | / / / /
 =========|_|==============|___/=/_/_/_/
 :: Spring Boot ::               (v3.2.10)

2025-02-11T18:13:42.747-05:00  INFO 72095 --- [entry-level-java-challenge] [    Test worker] c.challenge.api.EmployeeControllerTest   : Starting EmployeeControllerTest using Java 17.0.10 with PID 72095 (started by braidman in /Users/braidman/Documents/ReliaQuest3/entry-level-java-challenge/api)
2025-02-11T18:13:42.747-05:00  INFO 72095 --- [entry-level-java-challenge] [    Test worker] c.challenge.api.EmployeeControllerTest   : No active profile set, falling back to 1 default profile: "default"
2025-02-11T18:13:43.026-05:00  INFO 72095 --- [entry-level-java-challenge] [    Test worker] o.s.b.w.embedded.tomcat.TomcatWebServer  : Tomcat initialized with port 0 (http)
2025-02-11T18:13:43.031-05:00  INFO 72095 --- [entry-level-java-challenge] [    Test worker] o.apache.catalina.core.StandardService   : Starting service [Tomcat]
2025-02-11T18:13:43.031-05:00  INFO 72095 --- [entry-level-java-challenge] [    Test worker] o.apache.catalina.core.StandardEngine    : Starting Servlet engine: [Apache Tomcat/10.1.30]
2025-02-11T18:13:43.051-05:00  INFO 72095 --- [entry-level-java-challenge] [    Test worker] o.a.c.c.C.[Tomcat].[localhost].[/]       : Initializing Spring embedded WebApplicationContext
2025-02-11T18:13:43.051-05:00  INFO 72095 --- [entry-level-java-challenge] [    Test worker] w.s.c.ServletWebServerApplicationContext : Root WebApplicationContext: initialization completed in 297 ms
2025-02-11T18:13:43.157-05:00  INFO 72095 --- [entry-level-java-challenge] [    Test worker] o.s.b.w.embedded.tomcat.TomcatWebServer  : Tomcat started on port 50733 (http) with context path ''
2025-02-11T18:13:43.160-05:00  INFO 72095 --- [entry-level-java-challenge] [    Test worker] c.challenge.api.EmployeeControllerTest   : Started EmployeeControllerTest in 0.51 seconds (process running for 0.915)
2025-02-11T18:13:43.546-05:00  INFO 72095 --- [entry-level-java-challenge] [o-auto-1-exec-1] o.a.c.c.C.[Tomcat].[localhost].[/]       : Initializing Spring DispatcherServlet 'dispatcherServlet'
2025-02-11T18:13:43.547-05:00  INFO 72095 --- [entry-level-java-challenge] [o-auto-1-exec-1] o.s.web.servlet.DispatcherServlet        : Initializing Servlet 'dispatcherServlet'
2025-02-11T18:13:43.547-05:00  INFO 72095 --- [entry-level-java-challenge] [o-auto-1-exec-1] o.s.web.servlet.DispatcherServlet        : Completed initialization in 0 ms
]]></system-out>
  <system-err><![CDATA[]]></system-err>
</testsuite>
